Solid Edge Translation to STL
Date: piatek,wrzesien 30,2022 01:20PM
Source File:C:\Users\iningrum\Documents\Design\automeas-rap\rail_v3.par
Source System: SOLID EDGE

Hardware:
Processor: AMD Ryzen 5 5600 6-Core Processor              
Operating System: Windows 10
Installed Memory: 31,90 GB

Software Information:
Parasolid Version: 34.0.153
PSBodyshop Version: 34.0.110
Solid Edge Version: 222.00.00.132 x64

STL Export Options:
Output File Format:BINARY
Export Displayed Parts:Off
structureOption: Monolithic
Export Units:Inch
Export Tolerance Value:0,050000
Export Tolerance Type:Custom
Export Surface Plane Angle Value:0,523599

Translation progress:
Phase 1 of 2 Fetching Parasolid information...
Phase 2 of 2 Translating Parasolid to foreign data types...
Number of STL file Created : 1
Translation process completed
Time required to translate:00 : 00 : 00
